c:\users\simon\desktop\tp3\tp3\server\serveur\debug\vc140.pdb
c:\users\simon\desktop\tp3\tp3\server\serveur\debug\vc140.idb
c:\users\simon\desktop\tp3\tp3\server\serveur\debug\admin.obj
c:\users\simon\desktop\tp3\tp3\server\serveur\debug\authentificator.obj
c:\users\simon\desktop\tp3\tp3\server\serveur\debug\entity.obj
c:\users\simon\desktop\tp3\tp3\server\serveur\debug\file.obj
c:\users\simon\desktop\tp3\tp3\server\serveur\debug\group.obj
c:\users\simon\desktop\tp3\tp3\server\serveur\debug\groupmanager.obj
c:\users\simon\desktop\tp3\tp3\server\serveur\debug\readerfromclient.obj
c:\users\simon\desktop\tp3\tp3\server\serveur\debug\jsonwriter.obj
c:\users\simon\desktop\tp3\tp3\server\serveur\debug\loginmanager.obj
c:\users\simon\desktop\tp3\tp3\server\serveur\debug\server.obj
c:\users\simon\desktop\tp3\tp3\server\serveur\debug\sharefolder.obj
c:\users\simon\desktop\tp3\tp3\server\serveur\debug\source.obj
c:\users\simon\desktop\tp3\tp3\server\serveur\debug\user.obj
c:\users\simon\desktop\tp3\tp3\server\serveur\debug\usermanager.obj
c:\users\simon\desktop\tp3\tp3\server\debug\serveur.pdb
c:\users\simon\desktop\tp3\tp3\server\serveur\debug\serveur.tlog\cl.command.1.tlog
c:\users\simon\desktop\tp3\tp3\server\serveur\debug\serveur.tlog\cl.read.1.tlog
c:\users\simon\desktop\tp3\tp3\server\serveur\debug\serveur.tlog\cl.write.1.tlog
c:\users\simon\desktop\tp3\tp3\server\serveur\debug\serveur.tlog\link-cvtres.read.1.tlog
c:\users\simon\desktop\tp3\tp3\server\serveur\debug\serveur.tlog\link-cvtres.write.1.tlog
c:\users\simon\desktop\tp3\tp3\server\serveur\debug\serveur.tlog\link-rc.read.1.tlog
c:\users\simon\desktop\tp3\tp3\server\serveur\debug\serveur.tlog\link-rc.write.1.tlog
c:\users\simon\desktop\tp3\tp3\server\serveur\debug\serveur.tlog\link.command.1.tlog
c:\users\simon\desktop\tp3\tp3\server\serveur\debug\serveur.tlog\link.read.1.tlog
c:\users\simon\desktop\tp3\tp3\server\serveur\debug\serveur.tlog\link.write.1.tlog
