  UserManager.cpp
c1xx : fatal error C1083: Cannot open source file: 'UserManager.cpp': No such file or directory
  User.cpp
c1xx : fatal error C1083: Cannot open source file: 'User.cpp': No such file or directory
  Source.cpp
c1xx : fatal error C1083: Cannot open source file: 'Source.cpp': No such file or directory
  ShareFolder.cpp
c1xx : fatal error C1083: Cannot open source file: 'ShareFolder.cpp': No such file or directory
  Server.cpp
c1xx : fatal error C1083: Cannot open source file: 'Server.cpp': No such file or directory
  LoginManager.cpp
c1xx : fatal error C1083: Cannot open source file: 'LoginManager.cpp': No such file or directory
  GroupManager.cpp
c1xx : fatal error C1083: Cannot open source file: 'GroupManager.cpp': No such file or directory
  Group.cpp
c1xx : fatal error C1083: Cannot open source file: 'Group.cpp': No such file or directory
  File.cpp
c1xx : fatal error C1083: Cannot open source file: 'File.cpp': No such file or directory
  Entity.cpp
c1xx : fatal error C1083: Cannot open source file: 'Entity.cpp': No such file or directory
  Authentificator.cpp
c1xx : fatal error C1083: Cannot open source file: 'Authentificator.cpp': No such file or directory
  Admin.cpp
c1xx : fatal error C1083: Cannot open source file: 'Admin.cpp': No such file or directory
  Generating Code...
